C:\USERS\LIZHIBO\DESKTOP\水果分类\FRUITRECO\FRUITRECO_I.C
C:\USERS\LIZHIBO\DESKTOP\水果分类\FRUITRECO\FRUITRECOIDL.H
C:\Users\LiZhibo\Desktop\水果分类\FruitReco\Release\cl.command.1.tlog
C:\Users\LiZhibo\Desktop\水果分类\FruitReco\Release\CL.read.1.tlog
C:\Users\LiZhibo\Desktop\水果分类\FruitReco\Release\CL.write.1.tlog
C:\USERS\LIZHIBO\DESKTOP\水果分类\FRUITRECO\RELEASE\CVVIMAGE.OBJ
C:\USERS\LIZHIBO\DESKTOP\水果分类\FRUITRECO\RELEASE\FRUITRECO.OBJ
C:\USERS\LIZHIBO\DESKTOP\水果分类\FRUITRECO\RELEASE\FRUITRECO.OCX.INTERMEDIATE.MANIFEST
C:\USERS\LIZHIBO\DESKTOP\水果分类\FRUITRECO\RELEASE\FRUITRECO.PCH
C:\USERS\LIZHIBO\DESKTOP\水果分类\FRUITRECO\RELEASE\FRUITRECO.RES
C:\USERS\LIZHIBO\DESKTOP\水果分类\FRUITRECO\RELEASE\FRUITRECO.TLB
C:\Users\LiZhibo\Desktop\水果分类\FruitReco\Release\FruitReco.write.1.tlog
C:\USERS\LIZHIBO\DESKTOP\水果分类\FRUITRECO\RELEASE\FRUITRECOCTRL.OBJ
C:\USERS\LIZHIBO\DESKTOP\水果分类\FRUITRECO\RELEASE\FRUITRECOPROPPAGE.OBJ
C:\Users\LiZhibo\Desktop\水果分类\FruitReco\Release\link.command.1.tlog
C:\Users\LiZhibo\Desktop\水果分类\FruitReco\Release\link.read.1.tlog
C:\Users\LiZhibo\Desktop\水果分类\FruitReco\Release\link.write.1.tlog
C:\Users\LiZhibo\Desktop\水果分类\FruitReco\Release\link-cvtres.read.1.tlog
C:\Users\LiZhibo\Desktop\水果分类\FruitReco\Release\link-cvtres.write.1.tlog
C:\Users\LiZhibo\Desktop\水果分类\FruitReco\Release\midl.command.1.tlog
C:\Users\LiZhibo\Desktop\水果分类\FruitReco\Release\midl.read.1.tlog
C:\Users\LiZhibo\Desktop\水果分类\FruitReco\Release\midl.write.1.tlog
C:\Users\LiZhibo\Desktop\水果分类\FruitReco\Release\midl-midlc.read.1.tlog
C:\Users\LiZhibo\Desktop\水果分类\FruitReco\Release\midl-midlc.write.1.tlog
C:\Users\LiZhibo\Desktop\水果分类\FruitReco\Release\midl-midlc-cl.read.1.tlog
C:\Users\LiZhibo\Desktop\水果分类\FruitReco\Release\mt.command.1.tlog
C:\Users\LiZhibo\Desktop\水果分类\FruitReco\Release\mt.read.1.tlog
C:\Users\LiZhibo\Desktop\水果分类\FruitReco\Release\mt.write.1.tlog
C:\Users\LiZhibo\Desktop\水果分类\FruitReco\Release\rc.command.1.tlog
C:\Users\LiZhibo\Desktop\水果分类\FruitReco\Release\rc.read.1.tlog
C:\Users\LiZhibo\Desktop\水果分类\FruitReco\Release\rc.write.1.tlog
C:\USERS\LIZHIBO\DESKTOP\水果分类\FRUITRECO\RELEASE\STDAFX.OBJ
C:\USERS\LIZHIBO\DESKTOP\水果分类\FRUITRECO\RELEASE\VC100.PDB
C:\USERS\LIZHIBO\DESKTOP\水果分类\FRUITRECO\RELEASE\最近临分类器.OBJ
C:\Users\LiZhibo\Desktop\水果分类\Release\FruitReco.exp
C:\Users\LiZhibo\Desktop\水果分类\Release\FruitReco.lib
C:\USERS\LIZHIBO\DESKTOP\水果分类\RELEASE\FRUITRECO.OCX
C:\USERS\LIZHIBO\DESKTOP\水果分类\RELEASE\FRUITRECO.PDB
