生成启动时间为 2013/3/30 3:09:11。
     1>项目“C:\Users\LiZhibo\Desktop\水果分类\FruitReco\FruitReco.vcxproj”在节点 2 上(build 个目标)。
     1>InitializeBuildStatus:
         正在创建“Debug\FruitReco.unsuccessfulbuild”，因为已指定“AlwaysCreate”。
       Midl:
         所有输出均为最新。
       ClCompile:
         所有输出均为最新。
         C:\Program Files\Microsoft Visual Studio 10.0\VC\bin\CL.exe /c /ZI /nologo /W3 /WX- /Od /Oy- /D WIN32 /D _WINDOWS /D _DEBUG /D _USRDLL /D _WINDLL /D _MBCS /D _AFXDLL /Gm /EHsc /RTC1 /MDd /GS /fp:precise /Zc:wchar_t /Zc:forScope /Yu"StdAfx.h" /Fp"Debug\FruitReco.pch" /Fo"Debug\\" /Fd"Debug\vc100.pdb" /Gd /TP /analyze- /errorReport:prompt FruitRecoCtrl.cpp
         FruitRecoCtrl.cpp
     1>c:\program files\opencv\opencv\build\include\opencv2\flann\logger.h(66): warning C4996: 'fopen': This function or variable may be unsafe. Consider using fopen_s instead. To disable deprecation, use _CRT_SECURE_NO_WARNINGS. See online help for details.
                 c:\program files\microsoft visual studio 10.0\vc\include\stdio.h(234) : 参见“fopen”的声明
     1>c:\program files\opencv\opencv\build\include\opencv2\flann\flann.hpp(233): warning C4996: 'cv::flann::Index_<T>': 被声明为已否决
                 c:\program files\opencv\opencv\build\include\opencv2\flann\flann.hpp(278): 参见对正在编译的类 模板 实例化“cv::flann::Index_<T>”的引用
     1>c:\users\lizhibo\desktop\水果分类\fruitreco\fruitrecoctrl.cpp(315): warning C4996: 'fopen': This function or variable may be unsafe. Consider using fopen_s instead. To disable deprecation, use _CRT_SECURE_NO_WARNINGS. See online help for details.
                 c:\program files\microsoft visual studio 10.0\vc\include\stdio.h(234) : 参见“fopen”的声明
     1>c:\users\lizhibo\desktop\水果分类\fruitreco\fruitrecoctrl.cpp(318): warning C4996: 'sprintf': This function or variable may be unsafe. Consider using sprintf_s instead. To disable deprecation, use _CRT_SECURE_NO_WARNINGS. See online help for details.
                 c:\program files\microsoft visual studio 10.0\vc\include\stdio.h(371) : 参见“sprintf”的声明
     1>c:\users\lizhibo\desktop\水果分类\fruitreco\fruitrecoctrl.cpp(321): warning C4996: 'sprintf': This function or variable may be unsafe. Consider using sprintf_s instead. To disable deprecation, use _CRT_SECURE_NO_WARNINGS. See online help for details.
                 c:\program files\microsoft visual studio 10.0\vc\include\stdio.h(371) : 参见“sprintf”的声明
     1>c:\users\lizhibo\desktop\水果分类\fruitreco\fruitrecoctrl.cpp(325): warning C4996: 'strcat': This function or variable may be unsafe. Consider using strcat_s instead. To disable deprecation, use _CRT_SECURE_NO_WARNINGS. See online help for details.
                 c:\program files\microsoft visual studio 10.0\vc\include\string.h(110) : 参见“strcat”的声明
     1>c:\users\lizhibo\desktop\水果分类\fruitreco\fruitrecoctrl.cpp(326): warning C4996: 'strcat': This function or variable may be unsafe. Consider using strcat_s instead. To disable deprecation, use _CRT_SECURE_NO_WARNINGS. See online help for details.
                 c:\program files\microsoft visual studio 10.0\vc\include\string.h(110) : 参见“strcat”的声明
     1>c:\users\lizhibo\desktop\水果分类\fruitreco\fruitrecoctrl.cpp(394): warning C4996: 'strcat': This function or variable may be unsafe. Consider using strcat_s instead. To disable deprecation, use _CRT_SECURE_NO_WARNINGS. See online help for details.
                 c:\program files\microsoft visual studio 10.0\vc\include\string.h(110) : 参见“strcat”的声明
     1>c:\users\lizhibo\desktop\水果分类\fruitreco\fruitrecoctrl.cpp(395): warning C4996: 'sprintf': This function or variable may be unsafe. Consider using sprintf_s instead. To disable deprecation, use _CRT_SECURE_NO_WARNINGS. See online help for details.
                 c:\program files\microsoft visual studio 10.0\vc\include\stdio.h(371) : 参见“sprintf”的声明
     1>c:\users\lizhibo\desktop\水果分类\fruitreco\fruitrecoctrl.cpp(396): warning C4996: 'strcat': This function or variable may be unsafe. Consider using strcat_s instead. To disable deprecation, use _CRT_SECURE_NO_WARNINGS. See online help for details.
                 c:\program files\microsoft visual studio 10.0\vc\include\string.h(110) : 参见“strcat”的声明
     1>c:\users\lizhibo\desktop\水果分类\fruitreco\fruitrecoctrl.cpp(405): warning C4996: 'strcat': This function or variable may be unsafe. Consider using strcat_s instead. To disable deprecation, use _CRT_SECURE_NO_WARNINGS. See online help for details.
                 c:\program files\microsoft visual studio 10.0\vc\include\string.h(110) : 参见“strcat”的声明
     1>c:\users\lizhibo\desktop\水果分类\fruitreco\fruitrecoctrl.cpp(406): warning C4996: 'sprintf': This function or variable may be unsafe. Consider using sprintf_s instead. To disable deprecation, use _CRT_SECURE_NO_WARNINGS. See online help for details.
                 c:\program files\microsoft visual studio 10.0\vc\include\stdio.h(371) : 参见“sprintf”的声明
     1>c:\users\lizhibo\desktop\水果分类\fruitreco\fruitrecoctrl.cpp(407): warning C4996: 'strcat': This function or variable may be unsafe. Consider using strcat_s instead. To disable deprecation, use _CRT_SECURE_NO_WARNINGS. See online help for details.
                 c:\program files\microsoft visual studio 10.0\vc\include\string.h(110) : 参见“strcat”的声明
       ResourceCompile:
         所有输出均为最新。
       ManifestResourceCompile:
         所有输出均为最新。
       Link:
         C:\Program Files\Microsoft Visual Studio 10.0\VC\bin\link.exe /ERRORREPORT:PROMPT /OUT:"C:\Users\LiZhibo\Desktop\水果分类\Debug\FruitReco.ocx" /INCREMENTAL /NOLOGO kernel32.lib user32.lib gdi32.lib winspool.lib comdlg32.lib advapi32.lib shell32.lib ole32.lib oleaut32.lib uuid.lib odbc32.lib odbccp32.lib opencv_calib3d231.lib opencv_calib3d231d.lib opencv_contrib231.lib opencv_contrib231d.lib opencv_core231.lib opencv_core231d.lib opencv_features2d231.lib opencv_features2d231d.lib opencv_flann231.lib opencv_flann231d.lib opencv_gpu231.lib opencv_gpu231d.lib opencv_haartraining_engine.lib opencv_haartraining_engined.lib opencv_highgui231.lib opencv_highgui231d.lib opencv_imgproc231.lib opencv_imgproc231d.lib opencv_legacy231.lib opencv_legacy231d.lib opencv_ml231.lib opencv_ml231d.lib opencv_objdetect231.lib opencv_objdetect231d.lib opencv_ts231.lib opencv_ts231d.lib opencv_video231.lib opencv_video231d.lib /DEF:".\FruitReco.def" /MANIFEST /ManifestFile:"Debug\FruitReco.ocx.intermediate.manifest" /MANIFESTUAC:"level='asInvoker' uiAccess='false'" /DEBUG /PDB:"C:\Users\LiZhibo\Desktop\水果分类\Debug\FruitReco.pdb" /SUBSYSTEM:WINDOWS /TLBID:1 /DYNAMICBASE /NXCOMPAT /IMPLIB:"C:\Users\LiZhibo\Desktop\水果分类\Debug\FruitReco.lib" /MACHINE:X86 /DLL Debug\FruitReco.res
         Debug\FruitReco.ocx.embed.manifest.res
         Debug\CvvImage.obj
         Debug\FruitReco.obj
         Debug\FruitRecoCtrl.obj
         Debug\FruitRecoPropPage.obj
         Debug\stdafx.obj
         "Debug\最近临分类器.obj"
       Manifest:
         C:\Program Files\Microsoft SDKs\Windows\v7.0A\bin\mt.exe /nologo /verbose /out:"Debug\FruitReco.ocx.embed.manifest" /manifest Debug\FruitReco.ocx.intermediate.manifest "C:\Program Files\Microsoft Visual Studio 10.0\VC\Include\Manifest\dpiaware.manifest"
         所有输出均为最新。
       LinkEmbedManifest:
         所有输出均为最新。
         FruitReco.vcxproj -> C:\Users\LiZhibo\Desktop\水果分类\Debug\FruitReco.ocx
       RegisterOutput:
         regsvr32 /s "C:\Users\LiZhibo\Desktop\水果分类\Debug\FruitReco.ocx"
       FinalizeBuildStatus:
         正在删除文件“Debug\FruitReco.unsuccessfulbuild”。
         正在对“Debug\FruitReco.lastbuildstate”执行 Touch 任务。
     1>已完成生成项目“C:\Users\LiZhibo\Desktop\水果分类\FruitReco\FruitReco.vcxproj”(build 个目标)的操作。

生成成功。

已用时间 00:00:02.22
