C:\Users\LiZhibo\Desktop\水果分类\Debug\FruitReco.pdb
C:\Users\LiZhibo\Desktop\水果分类\FruitReco\Debug\cl.command.1.tlog
C:\Users\LiZhibo\Desktop\水果分类\FruitReco\Debug\CL.read.1.tlog
C:\Users\LiZhibo\Desktop\水果分类\FruitReco\Debug\CL.write.1.tlog
C:\USERS\LIZHIBO\DESKTOP\水果分类\FRUITRECO\DEBUG\CVVIMAGE.OBJ
C:\USERS\LIZHIBO\DESKTOP\水果分类\FRUITRECO\DEBUG\FRUITRECO.OBJ
C:\Users\LiZhibo\Desktop\水果分类\FruitReco\Debug\FruitReco.ocx.embed.manifest
C:\USERS\LIZHIBO\DESKTOP\水果分类\FRUITRECO\DEBUG\FRUITRECO.OCX.EMBED.MANIFEST.RES
C:\Users\LiZhibo\Desktop\水果分类\FruitReco\Debug\FruitReco.ocx.intermediate.manifest
C:\USERS\LIZHIBO\DESKTOP\水果分类\FRUITRECO\DEBUG\FRUITRECO.PCH
C:\USERS\LIZHIBO\DESKTOP\水果分类\FRUITRECO\DEBUG\FRUITRECO.RES
C:\USERS\LIZHIBO\DESKTOP\水果分类\FRUITRECO\DEBUG\FRUITRECO.TLB
C:\Users\LiZhibo\Desktop\水果分类\FruitReco\Debug\FruitReco_manifest.rc
C:\USERS\LIZHIBO\DESKTOP\水果分类\FRUITRECO\DEBUG\FRUITRECOCTRL.OBJ
C:\USERS\LIZHIBO\DESKTOP\水果分类\FRUITRECO\DEBUG\FRUITRECOPROPPAGE.OBJ
C:\Users\LiZhibo\Desktop\水果分类\FruitReco\Debug\link.command.1.tlog
C:\Users\LiZhibo\Desktop\水果分类\FruitReco\Debug\link.read.1.tlog
C:\Users\LiZhibo\Desktop\水果分类\FruitReco\Debug\link.write.1.tlog
C:\Users\LiZhibo\Desktop\水果分类\FruitReco\Debug\link-cvtres.read.1.tlog
C:\Users\LiZhibo\Desktop\水果分类\FruitReco\Debug\link-cvtres.write.1.tlog
C:\Users\LiZhibo\Desktop\水果分类\FruitReco\Debug\midl.command.1.tlog
C:\Users\LiZhibo\Desktop\水果分类\FruitReco\Debug\midl.read.1.tlog
C:\Users\LiZhibo\Desktop\水果分类\FruitReco\Debug\midl.write.1.tlog
C:\Users\LiZhibo\Desktop\水果分类\FruitReco\Debug\midl-midlc.read.1.tlog
C:\Users\LiZhibo\Desktop\水果分类\FruitReco\Debug\midl-midlc.write.1.tlog
C:\Users\LiZhibo\Desktop\水果分类\FruitReco\Debug\midl-midlc-cl.read.1.tlog
C:\Users\LiZhibo\Desktop\水果分类\FruitReco\Debug\rc.command.1.tlog
C:\Users\LiZhibo\Desktop\水果分类\FruitReco\Debug\rc.read.1.tlog
C:\Users\LiZhibo\Desktop\水果分类\FruitReco\Debug\rc.write.1.tlog
C:\USERS\LIZHIBO\DESKTOP\水果分类\FRUITRECO\DEBUG\STDAFX.OBJ
C:\Users\LiZhibo\Desktop\水果分类\FruitReco\Debug\vc100.idb
C:\USERS\LIZHIBO\DESKTOP\水果分类\FRUITRECO\DEBUG\VC100.PDB
C:\USERS\LIZHIBO\DESKTOP\水果分类\FRUITRECO\FRUITRECO_I.C
C:\USERS\LIZHIBO\DESKTOP\水果分类\FRUITRECO\FRUITRECOIDL.H
